<?xml version="1.0" encoding="UTF-8"?>
<testng-results skipped="0" failed="0" ignored="0" total="1" passed="1">
  <reporter-output>
  </reporter-output>
  <suite name="Default suite" duration-ms="33976" started-at="2021-05-22T17:53:44 IST" finished-at="2021-05-22T17:54:18 IST">
    <groups>
    </groups>
    <test name="Default test" duration-ms="33976" started-at="2021-05-22T17:53:44 IST" finished-at="2021-05-22T17:54:18 IST">
      <class name="myDemos.LoginTest">
        <test-method status="PASS" signature="login()[pri:0, instance:myDemos.LoginTest@1d29cf23]" name="login" duration-ms="33776" started-at="2021-05-22T17:53:44 IST" finished-at="2021-05-22T17:54:18 IST">
          <reporter-output>
          </reporter-output>
        </test-method> <!-- login -->
      </class> <!-- myDemos.LoginTest -->
    </test> <!-- Default test -->
  </suite> <!-- Default suite -->
</testng-results>
